counts cities  г. Москва                                                            21466
г. Санкт-Петербург                                                    5075
г. Екатеринбург                                                        963
г. Новосибирск                                                         779
г. Ростов-на-Дону                                                      755
г. Нижний Новгород                                                     736
г. Самара                                                              691
г. Челябинск                                                           591
г. Казань                                                              570
г. Краснодар                                                           469
г. Воронеж                                                             462
г. Уфа                                                                 435
г. Красноярск                                                          428
г. Ставрополь                                                          425
г. Саратов                                                             403
г. Пермь                                                               398
г. Омск                                                                397
г. Волгоград                                                           381
г. Иркутск                                                             291
г. Тюмень                                                              262
г. Калининград                                                         257
г. Ярославль                                                           253
г. Барнаул                                                             250
г. Хабаровск                                                           239
г. Тула                                                                231
г. Ульяновск                                                           229
г. Рязань                                                              226
г. Россия                                                              218
г. Владивосток                                                         206
г. Томск                                                               201
                                                                     ...  
г. Еатеринбург                                                           1
г. Каневская                                                             1
г. Гоа (Москва)                                                          1
г. Сызрань (Самарская обл.)                                              1
г. Алтайский край с. Зимино                                              1
г. Красный Кут                                                           1
г. Звенигово                                                             1
г. Жигулевуск                                                            1
г. Тихвин                                                                1
г. Щербиновский                                                          1
г. Яблоновский                                                           1
г. Новокузнецк (Новосибирск)                                             1
г. Новомосковск (Москва)                                                 1
г. Смоленская область (Смоленск)                                         1
г. Шилка (Чита)                                                          1
г. Белоярский                                                            1
г. Хабаровск (Казань)                                                    1
г. Кадуй (Вологда)                                                       1
г. Всеволожск (Санкт-Петербург)                                          1
г. нижний новгород (Москва)                                              1
г. Лысьва (Пермский край)                                                1
г. Уфимский (Республика Башкортостан)                                    1
г. Кодинск (Красноярский Край) (Красноярский край)                       1
г. Кирсанов                                                              1
г. Стоитель п., Тамбовский р-н, Тамбовская обл. (Санкт-Петербург)        1
г. Питербург                                                             1
г. Курск (Москва)                                                        1
г. Краснодарский край Новокубанский район город Новокубанск              1
г. Ликино-Дулево                                                         1
г. Кинешма Ивановской области                                            1
Name: city, Length: 1908, dtype: int64
counts bank_names  Сбербанк России                          6884
Альфа-Банк                               3346
Русский Стандарт                         3043
Хоум Кредит Банк                         2529
ВТБ 24                                   2511
Тинькофф Банк                            2047
Национальный Банк «Траст»                2037
Восточный Экспресс Банк                  1541
Связной Банк                             1153
Московский Кредитный Банк                1153
Киви Банк                                1124
ОТП Банк                                 1046
Ренессанс Кредит                          986
Банк Москвы                               950
Промсвязьбанк                             884
Сетелем Банк                              866
Совкомбанк                                732
Ханты-Мансийский банк Открытие            690
Бинбанк                                   685
Райффайзенбанк                            565
Авангард                                  539
МТС Банк                                  519
Лето Банк                                 513
ЮниКредит Банк                            509
Ситибанк                                  487
Югра                                      469
Росбанк                                   442
СБ Банк (Судостроительный банк)           401
АйМаниБанк                                388
Русславбанк                               369
                                         ... 
Банк Раунд                                  1
Еврофинанс Моснарбанк                       1
МАК-Банк                                    1
Тетраполис                                  1
Нацинвестпромбанк                           1
Александровский                             1
Далена                                      1
Банк Расчетов и Сбережений                  1
Академический Русский Банк                  1
АктивКапитал Банк — Московский филиал       1
Горбанк                                     1
Консервативный Коммерческий Банк            1
Первый Инвестиционный банк                  1
Чайна Констракшн                            1
Липецккомбанк                               1
Мегаполис                                   1
Нефтяной Альянс                             1
Московский Коммерческий Банк                1
Аресбанк                                    1
Русский Банк Сбережений                     1
Мико-Банк                                   1
Объединенный Национальный Банк              1
Унифин                                      1
Плато-Банк                                  1
Развитие                                    1
Союзный                                     1
Банк БФА                                    1
Регнум                                      1
Внешэкономбанк                              1
Приморье                                    1
Name: bank_name, Length: 420, dtype: int64


10 самых часто используемых слов:

('в', 323305)
('и', 276451)
('не', 229828)
('на', 179044)
('что', 166903)
('с', 124853)
('я', 121505)
('по', 100301)
('мне', 80199)
('банка', 73800)


10 самых часто используемых слов без стоп слов:

('банка', 84108)
('банк', 67006)
('деньги', 35021)
('карты', 25600)
('карту', 25340)
('день', 23260)
('кредит', 23235)
('банке', 21632)
('г', 20425)
('очень', 18244)


10 самых часто используемых лемм:

('банк', 190723)
('карта', 82824)
('день', 48774)
('деньги', 47539)
('кредит', 46408)
('сотрудник', 44631)
('клиент', 40541)
('отделение', 36218)
('счет', 34111)
('сумма', 32836)


10 самых часто используемых существительных:

('банк', 190723)
('карта', 82824)
('год', 51625)
('день', 48774)
('деньга', 47562)
('кредит', 46408)
('сотрудник', 44631)
('клиент', 40542)
('отделение', 36218)
('счёт', 34111)
Слово 'Cотрудник' встречается чаще, чем 'клиент'
Слово 'мошенничество' встречается раз 937
Слово 'доверие' встречается раз 661
Слово 'деньги' встречается 47539

 Ключевые слова для отрицательных отзывов :

['банк', 'карта', 'деньги', 'день', 'сотрудник', 'кредит', 'отделение', 'клиент', 'счет', 'сумма', 'сказать', 'заявление', 'получать', 'год', 'договор', 'данный', 'вопрос', 'ответ', 'время', 'платеж', 'кредитный', 'приходить', 'номер', 'вклад', 'звонить', 'телефон', 'обращаться', 'звонок', 'средство', 'офис']

 Ключевые слова для положительных отзывов :

['банк', 'карта', 'очень', 'сотрудник', 'клиент', 'вклад', 'отделение', 'день', 'год', 'офис', 'вопрос', 'спасибо', 'кредит', 'время', 'работа', 'хотеть', 'деньги', 'обслуживание', 'получать', 'решать', 'очередь', 'проблема', 'быстро', 'работать', 'счет', 'открывать', 'сказать', 'банка', 'обращаться', 'хороший']

Темы при num_topics=3:

(0, '0.198*"карта" + 0.138*"кредит" + 0.119*"вклад" + 0.118*"деньги" + 0.110*"счет" + 0.104*"заявление" + 0.103*"сумма" + 0.100*"отделение" + 0.098*"платеж" + 0.097*"сотрудник"') 

(1, '-0.298*"вклад" + 0.245*"звонок" + 0.239*"номер" + -0.222*"карта" + 0.220*"кредит" + 0.149*"звонить" + 0.143*"телефон" + -0.126*"деньги" + -0.122*"банкомат" + -0.114*"комиссия"') 

(2, '0.549*"вклад" + -0.277*"карта" + 0.188*"очередь" + -0.148*"сбербанк" + 0.144*"открывать" + -0.139*"банкомат" + 0.113*"ставка" + -0.110*"средство" + -0.109*"операция" + -0.106*"счет"') 


Темы при num_topics=10:

(0, '0.198*"карта" + 0.137*"кредит" + 0.120*"вклад" + 0.118*"деньги" + 0.110*"счет" + 0.103*"заявление" + 0.103*"сумма" + 0.100*"отделение" + 0.097*"сотрудник" + 0.097*"платеж"') 

(1, '-0.370*"вклад" + 0.234*"звонок" + 0.231*"номер" + 0.222*"кредит" + -0.185*"карта" + 0.144*"звонить" + 0.137*"телефон" + -0.127*"открывать" + 0.118*"задолженность" + -0.113*"деньги"') 

(2, '0.478*"вклад" + -0.290*"карта" + 0.162*"очередь" + -0.155*"банкомат" + -0.151*"сбербанк" + 0.131*"открывать" + -0.127*"средство" + -0.126*"руб" + -0.118*"счет" + -0.112*"операция"') 

(3, '-0.306*"кредит" + -0.283*"страховка" + 0.260*"номер" + -0.184*"страхование" + -0.182*"договор" + -0.169*"сумма" + 0.166*"звонок" + -0.160*"погашение" + -0.146*"платеж" + 0.142*"телефон"') 

(4, '0.395*"вклад" + -0.197*"заявка" + -0.196*"карта" + 0.165*"средство" + 0.161*"договор" + -0.144*"страховка" + 0.142*"счет" + 0.139*"денежный" + 0.125*"сумма" + -0.106*"отделение"') 

(5, '-0.219*"карта" + 0.211*"кошелек" + 0.204*"страховка" + 0.181*"сбербанк" + 0.179*"страхование" + 0.162*"заявление" + 0.158*"документ" + -0.157*"задолженность" + -0.151*"лимит" + 0.148*"заявка"') 

(6, '0.380*"карта" + -0.239*"платеж" + -0.229*"кошелек" + -0.181*"киви" + -0.180*"терминал" + -0.166*"деньги" + 0.146*"кредитный" + 0.123*"страхование" + 0.120*"услуга" + -0.115*"банкомат"') 

(7, '0.437*"банкомат" + -0.380*"кошелек" + -0.247*"киви" + 0.165*"сбербанк" + -0.132*"заблокировать" + -0.124*"идентификация" + 0.121*"заявление" + 0.121*"купюра" + 0.115*"очередь" + 0.114*"отделение"') 

(8, '-0.272*"вклад" + -0.172*"заявка" + -0.169*"карта" + 0.149*"очень" + -0.132*"заявление" + 0.130*"благодарность" + 0.129*"спасибо" + -0.119*"звонить" + -0.115*"позвонить" + -0.115*"номер"') 

(9, '0.444*"курс" + 0.277*"страховка" + 0.261*"валюта" + 0.223*"доллар" + 0.181*"рубль" + 0.176*"евро" + 0.175*"комиссия" + -0.140*"заявление" + 0.139*"страхование" + -0.123*"карта"') 




ngram_range =  (1, 1)


Для TfidfTransformer и TruncatedSVD
Precision:   0.77
Recall:   0.74
F1-measure:   0.75
Accuracy:   0.77
              precision    recall  f1-score   support

         1.0       0.76      0.88      0.82      1599
         5.0       0.78      0.59      0.67      1094

   micro avg       0.77      0.77      0.77      2693
   macro avg       0.77      0.74      0.75      2693
weighted avg       0.77      0.77      0.76      2693





Для LatentDirichletAllocation
Precision:   0.75
Recall:   0.73
F1-measure:   0.73
Accuracy:   0.75
              precision    recall  f1-score   support

         1.0       0.75      0.87      0.81      1599
         5.0       0.75      0.58      0.66      1094

   micro avg       0.75      0.75      0.75      2693
   macro avg       0.75      0.73      0.73      2693
weighted avg       0.75      0.75      0.75      2693






ngram_range =  (2, 2)


Для TfidfTransformer и TruncatedSVD
Precision:   0.85
Recall:   0.83
F1-measure:   0.84
Accuracy:   0.85
              precision    recall  f1-score   support

         1.0       0.84      0.91      0.88      1599
         5.0       0.86      0.75      0.80      1094

   micro avg       0.85      0.85      0.85      2693
   macro avg       0.85      0.83      0.84      2693
weighted avg       0.85      0.85      0.85      2693





Для LatentDirichletAllocation
Precision:   0.86
Recall:   0.85
F1-measure:   0.86
Accuracy:   0.86
              precision    recall  f1-score   support

         1.0       0.86      0.91      0.89      1599
         5.0       0.86      0.79      0.82      1094

   micro avg       0.86      0.86      0.86      2693
   macro avg       0.86      0.85      0.86      2693
weighted avg       0.86      0.86      0.86      2693






ngram_range =  (3, 3)


Для TfidfTransformer и TruncatedSVD
Precision:   0.90
Recall:   0.89
F1-measure:   0.89
Accuracy:   0.90
              precision    recall  f1-score   support

         1.0       0.89      0.95      0.92      1599
         5.0       0.91      0.82      0.87      1094

   micro avg       0.90      0.90      0.90      2693
   macro avg       0.90      0.89      0.89      2693
weighted avg       0.90      0.90      0.90      2693





Для LatentDirichletAllocation
Precision:   0.91
Recall:   0.90
F1-measure:   0.90
Accuracy:   0.91
              precision    recall  f1-score   support

         1.0       0.91      0.94      0.92      1599
         5.0       0.90      0.87      0.88      1094

   micro avg       0.91      0.91      0.91      2693
   macro avg       0.91      0.90      0.90      2693
weighted avg       0.91      0.91      0.91      2693






ngram_range =  (1, 3)


Для TfidfTransformer и TruncatedSVD
Precision:   0.87
Recall:   0.85
F1-measure:   0.85
Accuracy:   0.86
              precision    recall  f1-score   support

         1.0       0.85      0.93      0.89      1599
         5.0       0.88      0.76      0.82      1094

   micro avg       0.86      0.86      0.86      2693
   macro avg       0.87      0.85      0.85      2693
weighted avg       0.86      0.86      0.86      2693





Для LatentDirichletAllocation
Precision:   0.91
Recall:   0.90
F1-measure:   0.90
Accuracy:   0.91
              precision    recall  f1-score   support

         1.0       0.90      0.95      0.92      1599
         5.0       0.92      0.85      0.88      1094

   micro avg       0.91      0.91      0.91      2693
   macro avg       0.91      0.90      0.90      2693
weighted avg       0.91      0.91      0.91      2693






ngram_range =  (3, 6)


Для TfidfTransformer и TruncatedSVD
Precision:   0.91
Recall:   0.90
F1-measure:   0.90
Accuracy:   0.91
              precision    recall  f1-score   support

         1.0       0.90      0.95      0.92      1599
         5.0       0.92      0.85      0.88      1094

   micro avg       0.91      0.91      0.91      2693
   macro avg       0.91      0.90      0.90      2693
weighted avg       0.91      0.91      0.91      2693





Для LatentDirichletAllocation
Precision:   0.92
Recall:   0.91
F1-measure:   0.92
Accuracy:   0.92
              precision    recall  f1-score   support

         1.0       0.92      0.95      0.93      1599
         5.0       0.93      0.87      0.90      1094

   micro avg       0.92      0.92      0.92      2693
   macro avg       0.92      0.91      0.92      2693
weighted avg       0.92      0.92      0.92      2693



